# JRE version: OpenJDK Runtime Environment (8.0_212-b04) (build 1.8.0_212-release-1586-b04)
# Java VM: OpenJDK 64-Bit Server VM (25.212-b04 mixed mode windows-amd64 compressed oops)
Heap:
 PSYoungGen      total 142336K, used 22534K [0x00000000e0000000, 0x00000000ea180000, 0x0000000100000000)
  eden space 129536K, 7% used [0x00000000e0000000,0x00000000e0985b58,0x00000000e7e80000)
  from space 12800K, 99% used [0x00000000e9500000,0x00000000ea17bed8,0x00000000ea180000)
  to   space 14336K, 0% used [0x00000000e8580000,0x00000000e8580000,0x00000000e9380000)
 ParOldGen       total 89088K, used 18600K [0x00000000a0000000, 0x00000000a5700000, 0x00000000e0000000)
  object space 89088K, 20% used [0x00000000a0000000,0x00000000a122a280,0x00000000a5700000)
 Metaspace       used 45520K, capacity 46592K, committed 46848K, reserved 1089536K
  class space    used 6105K, capacity 6386K, committed 6400K, reserved 1048576K
GC Heap History (10 events):
Event: 9.953 GC heap before
{Heap before GC invocations=8 (full 1):
 PSYoungGen      total 74240K, used 64000K [0x00000000e0000000, 0x00000000e5700000, 0x0000000100000000)
  eden space 64000K, 100% used [0x00000000e0000000,0x00000000e3e80000,0x00000000e3e80000)
  from space 10240K, 0% used [0x00000000e4a00000,0x00000000e4a00000,0x00000000e5400000)
  to   space 11776K, 0% used [0x00000000e3e80000,0x00000000e3e80000,0x00000000e4a00000)
 ParOldGen       total 58880K, used 9941K [0x00000000a0000000, 0x00000000a3980000, 0x00000000e0000000)
  object space 58880K, 16% used [0x00000000a0000000,0x00000000a09b5628,0x00000000a3980000)
 Metaspace       used 29100K, capacity 29704K, committed 30080K, reserved 1075200K
  class space    used 3913K, capacity 4131K, committed 4224K, reserved 1048576K
Event: 9.964 GC heap after
Heap after GC invocations=8 (full 1):
 PSYoungGen      total 75776K, used 7987K [0x00000000e0000000, 0x00000000e7b00000, 0x0000000100000000)
  eden space 64000K, 0% used [0x00000000e0000000,0x00000000e0000000,0x00000000e3e80000)
  from space 11776K, 67% used [0x00000000e3e80000,0x00000000e464cf08,0x00000000e4a00000)
  to   space 11776K, 0% used [0x00000000e6f80000,0x00000000e6f80000,0x00000000e7b00000)
 ParOldGen       total 58880K, used 9949K [0x00000000a0000000, 0x00000000a3980000, 0x00000000e0000000)
  object space 58880K, 16% used [0x00000000a0000000,0x00000000a09b7628,0x00000000a3980000)
 Metaspace       used 29100K, capacity 29704K, committed 30080K, reserved 1075200K
  class space    used 3913K, capacity 4131K, committed 4224K, reserved 1048576K
}
Event: 11.771 GC heap before
{Heap before GC invocations=9 (full 1):
 PSYoungGen      total 75776K, used 71987K [0x00000000e0000000, 0x00000000e7b00000, 0x0000000100000000)
  eden space 64000K, 100% used [0x00000000e0000000,0x00000000e3e80000,0x00000000e3e80000)
  from space 11776K, 67% used [0x00000000e3e80000,0x00000000e464cf08,0x00000000e4a00000)
  to   space 11776K, 0% used [0x00000000e6f80000,0x00000000e6f80000,0x00000000e7b00000)
 ParOldGen       total 58880K, used 9949K [0x00000000a0000000, 0x00000000a3980000, 0x00000000e0000000)
  object space 58880K, 16% used [0x00000000a0000000,0x00000000a09b7628,0x00000000a3980000)
 Metaspace       used 31947K, capacity 32492K, committed 32768K, reserved 1077248K
  class space    used 4373K, capacity 4591K, committed 4608K, reserved 1048576K
Event: 11.793 GC heap after
Heap after GC invocations=9 (full 1):
 PSYoungGen      total 113152K, used 8085K [0x00000000e0000000, 0x00000000e7a80000, 0x0000000100000000)
  eden space 101888K, 0% used [0x00000000e0000000,0x00000000e0000000,0x00000000e6380000)
  from space 11264K, 71% used [0x00000000e6f80000,0x00000000e7765700,0x00000000e7a80000)
  to   space 11776K, 0% used [0x00000000e6380000,0x00000000e6380000,0x00000000e6f00000)
 ParOldGen       total 58880K, used 9957K [0x00000000a0000000, 0x00000000a3980000, 0x00000000e0000000)
  object space 58880K, 16% used [0x00000000a0000000,0x00000000a09b9628,0x00000000a3980000)
 Metaspace       used 31947K, capacity 32492K, committed 32768K, reserved 1077248K
  class space    used 4373K, capacity 4591K, committed 4608K, reserved 1048576K
}
Event: 13.648 GC heap before
{Heap before GC invocations=10 (full 1):
 PSYoungGen      total 113152K, used 72560K [0x00000000e0000000, 0x00000000e7a80000, 0x0000000100000000)
  eden space 101888K, 63% used [0x00000000e0000000,0x00000000e3ef6cc0,0x00000000e6380000)
  from space 11264K, 71% used [0x00000000e6f80000,0x00000000e7765700,0x00000000e7a80000)
  to   space 11776K, 0% used [0x00000000e6380000,0x00000000e6380000,0x00000000e6f00000)
 ParOldGen       total 58880K, used 9957K [0x00000000a0000000, 0x00000000a3980000, 0x00000000e0000000)
  object space 58880K, 16% used [0x00000000a0000000,0x00000000a09b9628,0x00000000a3980000)
 Metaspace       used 34645K, capacity 35416K, committed 35456K, reserved 1079296K
  class space    used 4750K, capacity 4957K, committed 4992K, reserved 1048576K
Event: 13.685 GC heap after
Heap after GC invocations=10 (full 1):
 PSYoungGen      total 113664K, used 10411K [0x00000000e0000000, 0x00000000ea180000, 0x0000000100000000)
  eden space 101888K, 0% used [0x00000000e0000000,0x00000000e0000000,0x00000000e6380000)
  from space 11776K, 88% used [0x00000000e6380000,0x00000000e6daaf08,0x00000000e6f00000)
  to   space 12800K, 0% used [0x00000000e9500000,0x00000000e9500000,0x00000000ea180000)
 ParOldGen       total 58880K, used 9965K [0x00000000a0000000, 0x00000000a3980000, 0x00000000e0000000)
  object space 58880K, 16% used [0x00000000a0000000,0x00000000a09bb628,0x00000000a3980000)
 Metaspace       used 34645K, capacity 35416K, committed 35456K, reserved 1079296K
  class space    used 4750K, capacity 4957K, committed 4992K, reserved 1048576K
}
Event: 13.685 GC heap before
{Heap before GC invocations=11 (full 2):
 PSYoungGen      total 113664K, used 10411K [0x00000000e0000000, 0x00000000ea180000, 0x0000000100000000)
  eden space 101888K, 0% used [0x00000000e0000000,0x00000000e0000000,0x00000000e6380000)
  from space 11776K, 88% used [0x00000000e6380000,0x00000000e6daaf08,0x00000000e6f00000)
  to   space 12800K, 0% used [0x00000000e9500000,0x00000000e9500000,0x00000000ea180000)
 ParOldGen       total 58880K, used 9965K [0x00000000a0000000, 0x00000000a3980000, 0x00000000e0000000)
  object space 58880K, 16% used [0x00000000a0000000,0x00000000a09bb628,0x00000000a3980000)
 Metaspace       used 34645K, capacity 35416K, committed 35456K, reserved 1079296K
  class space    used 4750K, capacity 4957K, committed 4992K, reserved 1048576K
Event: 13.817 GC heap after
Heap after GC invocations=11 (full 2):
 PSYoungGen      total 113664K, used 0K [0x00000000e0000000, 0x00000000ea180000, 0x0000000100000000)
  eden space 101888K, 0% used [0x00000000e0000000,0x00000000e0000000,0x00000000e6380000)
  from space 11776K, 0% used [0x00000000e6380000,0x00000000e6380000,0x00000000e6f00000)
  to   space 12800K, 0% used [0x00000000e9500000,0x00000000e9500000,0x00000000ea180000)
 ParOldGen       total 89088K, used 17442K [0x00000000a0000000, 0x00000000a5700000, 0x00000000e0000000)
  object space 89088K, 19% used [0x00000000a0000000,0x00000000a1108980,0x00000000a5700000)
 Metaspace       used 34645K, capacity 35416K, committed 35456K, reserved 1079296K
  class space    used 4750K, capacity 4957K, committed 4992K, reserved 1048576K
}
Event: 18.869 GC heap before
{Heap before GC invocations=12 (full 2):
 PSYoungGen      total 113664K, used 101888K [0x00000000e0000000, 0x00000000ea180000, 0x0000000100000000)
  eden space 101888K, 100% used [0x00000000e0000000,0x00000000e6380000,0x00000000e6380000)
  from space 11776K, 0% used [0x00000000e6380000,0x00000000e6380000,0x00000000e6f00000)
  to   space 12800K, 0% used [0x00000000e9500000,0x00000000e9500000,0x00000000ea180000)
 ParOldGen       total 89088K, used 17442K [0x00000000a0000000, 0x00000000a5700000, 0x00000000e0000000)
  object space 89088K, 19% used [0x00000000a0000000,0x00000000a1108980,0x00000000a5700000)
 Metaspace       used 44802K, capacity 45932K, committed 46336K, reserved 1089536K
  class space    used 6033K, capacity 6318K, committed 6400K, reserved 1048576K
Event: 18.896 GC heap after
Heap after GC invocations=12 (full 2):
 PSYoungGen      total 142336K, used 12783K [0x00000000e0000000, 0x00000000ea180000, 0x0000000100000000)
  eden space 129536K, 0% used [0x00000000e0000000,0x00000000e0000000,0x00000000e7e80000)
  from space 12800K, 99% used [0x00000000e9500000,0x00000000ea17bed8,0x00000000ea180000)
  to   space 14336K, 0% used [0x00000000e8580000,0x00000000e8580000,0x00000000e9380000)
 ParOldGen       total 89088K, used 18600K [0x00000000a0000000, 0x00000000a5700000, 0x00000000e0000000)
  object space 89088K, 20% used [0x00000000a0000000,0x00000000a122a280,0x00000000a5700000)
 Metaspace       used 44802K, capacity 45932K, committed 46336K, reserved 1089536K
  class space    used 6033K, capacity 6318K, committed 6400K, reserved 1048576K
}

